<?xml version="1.0" encoding="UTF-8" standalone="no"?>
<testsuite errors="0" failures="1" name="io.cucumber.core.plugin.JUnitFormatter" skipped="0" tests="1" time="6.157">
    <testcase classname="feature to test the login functionality" name="Check login is successful with valid credentials" time="6.011">
        <failure message="The scenario has pending or undefined step(s)" type="java.lang.Exception"><![CDATA[Given user is on the login page of the site.................................passed
When user enters ghada.tayeg@talan.com and azertyuiop.......................undefined
And user clicks on submit...................................................skipped
Then user is navigated to the home page.....................................skipped
]]></failure>
    </testcase>
</testsuite>
